SF:/home/rens/school/Project-D/server/Program.cs
FN:9,System.Void Program::Main(System.String[])
FNDA:0,System.Void Program::Main(System.String[])
DA:10,0
DA:11,0
DA:12,0
DA:13,0
LF:4
LH:0
BRF:0
BRH:0
FNF:1
FNH:0
end_of_record
SF:/home/rens/school/Project-D/server/Migrations/20240527115318_addtabb.cs
FN:11,System.Void server.Migrations.addtabb::Up(Microsoft.EntityFrameworkCore.Migrations.MigrationBuilder)
FNDA:0,System.Void server.Migrations.addtabb::Up(Microsoft.EntityFrameworkCore.Migrations.MigrationBuilder)
DA:12,0
DA:14,0
FN:17,System.Void server.Migrations.addtabb::Down(Microsoft.EntityFrameworkCore.Migrations.MigrationBuilder)
FNDA:0,System.Void server.Migrations.addtabb::Down(Microsoft.EntityFrameworkCore.Migrations.MigrationBuilder)
DA:18,0
DA:20,0
LF:4
LH:0
BRF:0
BRH:0
FNF:2
FNH:0
end_of_record
SF:/home/rens/school/Project-D/server/Migrations/20240527115318_addtabb.Designer.cs
FN:19,System.Void server.Migrations.addtabb::BuildTargetModel(Microsoft.EntityFrameworkCore.ModelBuilder)
FNDA:0,System.Void server.Migrations.addtabb::BuildTargetModel(Microsoft.EntityFrameworkCore.ModelBuilder)
DA:20,0
DA:22,0
DA:23,0
DA:24,0
DA:26,0
DA:28,0
DA:29,0
DA:30,0
DA:31,0
DA:32,0
DA:33,0
DA:34,0
DA:35,0
DA:36,0
DA:37,0
DA:38,0
DA:39,0
DA:40,0
DA:41,0
DA:42,0
DA:43,0
DA:44,0
DA:45,0
DA:46,0
DA:47,0
DA:48,0
DA:49,0
DA:50,0
DA:52,0
DA:53,0
DA:54,0
DA:55,0
DA:56,0
DA:57,0
DA:58,0
DA:59,0
DA:60,0
DA:61,0
DA:62,0
DA:63,0
DA:64,0
DA:65,0
DA:66,0
DA:67,0
DA:68,0
DA:69,0
DA:70,0
DA:71,0
DA:73,0
DA:74,0
DA:75,0
DA:76,0
DA:77,0
DA:78,0
DA:79,0
DA:80,0
DA:81,0
DA:82,0
DA:83,0
DA:84,0
DA:85,0
DA:86,0
DA:87,0
DA:88,0
DA:89,0
DA:90,0
DA:91,0
DA:92,0
DA:93,0
DA:94,0
DA:95,0
DA:96,0
DA:97,0
DA:98,0
DA:99,0
DA:100,0
DA:101,0
DA:103,0
DA:104,0
DA:105,0
DA:106,0
DA:107,0
DA:108,0
DA:109,0
DA:110,0
DA:111,0
DA:112,0
DA:113,0
DA:114,0
DA:115,0
DA:116,0
DA:117,0
DA:118,0
DA:119,0
DA:120,0
DA:121,0
DA:122,0
DA:123,0
DA:124,0
DA:125,0
DA:126,0
DA:127,0
DA:129,0
DA:130,0
DA:131,0
DA:132,0
DA:133,0
DA:134,0
DA:135,0
DA:136,0
DA:137,0
DA:138,0
DA:139,0
DA:140,0
DA:141,0
DA:142,0
DA:143,0
DA:144,0
DA:145,0
DA:146,0
DA:147,0
DA:148,0
DA:149,0
DA:151,0
DA:152,0
DA:153,0
DA:154,0
DA:155,0
DA:156,0
DA:157,0
DA:158,0
DA:159,0
DA:160,0
DA:161,0
DA:162,0
DA:163,0
DA:164,0
DA:165,0
DA:166,0
DA:167,0
DA:168,0
DA:169,0
DA:170,0
DA:171,0
DA:172,0
DA:173,0
DA:174,0
DA:175,0
DA:176,0
DA:177,0
DA:178,0
DA:179,0
DA:180,0
DA:181,0
DA:182,0
DA:183,0
DA:184,0
DA:185,0
DA:186,0
DA:187,0
DA:188,0
DA:190,0
DA:191,0
DA:192,0
DA:193,0
DA:194,0
DA:195,0
DA:196,0
DA:197,0
DA:198,0
DA:199,0
DA:200,0
DA:201,0
DA:202,0
DA:203,0
DA:204,0
DA:205,0
DA:206,0
DA:207,0
DA:208,0
DA:209,0
DA:210,0
DA:211,0
DA:213,0
DA:214,0
DA:215,0
DA:216,0
DA:217,0
DA:218,0
DA:219,0
DA:220,0
DA:221,0
DA:222,0
DA:223,0
DA:224,0
DA:225,0
DA:226,0
DA:227,0
DA:228,0
DA:229,0
DA:230,0
DA:232,0
DA:233,0
DA:234,0
DA:235,0
DA:236,0
DA:237,0
DA:238,0
DA:239,0
DA:241,0
DA:242,0
DA:243,0
DA:244,0
DA:246,0
DA:247,0
DA:248,0
DA:249,0
DA:251,0
DA:252,0
DA:253,0
DA:254,0
DA:256,0
LF:222
LH:0
BRF:0
BRH:0
FNF:1
FNH:0
end_of_record
SF:/home/rens/school/Project-D/server/Migrations/20240527120349_dbbroken.cs
FN:13,System.Void server.Migrations.dbbroken::Up(Microsoft.EntityFrameworkCore.Migrations.MigrationBuilder)
FNDA:0,System.Void server.Migrations.dbbroken::Up(Microsoft.EntityFrameworkCore.Migrations.MigrationBuilder)
DA:14,0
DA:15,0
DA:16,0
DA:17,0
DA:18,0
DA:19,0
DA:20,0
DA:21,0
DA:22,0
DA:23,0
DA:24,0
DA:25,0
DA:26,0
DA:27,0
DA:29,0
DA:30,0
DA:31,0
DA:32,0
DA:33,0
DA:34,0
DA:35,0
DA:36,0
DA:37,0
DA:38,0
DA:39,0
DA:40,0
DA:41,0
DA:42,0
DA:43,0
DA:45,0
DA:46,0
DA:47,0
DA:48,0
DA:49,0
DA:50,0
DA:51,0
DA:52,0
DA:53,0
DA:54,0
DA:55,0
DA:56,0
DA:57,0
DA:58,0
DA:60,0
DA:61,0
DA:62,0
DA:63,0
DA:64,0
DA:65,0
DA:66,0
DA:67,0
DA:68,0
DA:69,0
DA:70,0
DA:71,0
DA:72,0
DA:74,0
DA:75,0
DA:76,0
DA:77,0
DA:78,0
DA:79,0
DA:80,0
DA:81,0
DA:82,0
DA:83,0
DA:84,0
DA:85,0
DA:86,0
DA:88,0
DA:89,0
DA:90,0
DA:91,0
DA:92,0
DA:93,0
DA:94,0
DA:95,0
DA:96,0
DA:97,0
DA:98,0
DA:99,0
DA:100,0
DA:101,0
DA:102,0
DA:103,0
DA:104,0
DA:105,0
DA:106,0
DA:107,0
DA:108,0
DA:109,0
DA:111,0
DA:112,0
DA:113,0
DA:114,0
DA:115,0
DA:116,0
DA:117,0
DA:118,0
DA:119,0
DA:120,0
DA:121,0
DA:122,0
DA:123,0
DA:124,0
DA:125,0
DA:126,0
DA:127,0
DA:128,0
DA:129,0
DA:130,0
DA:131,0
DA:132,0
DA:133,0
DA:134,0
DA:135,0
DA:137,0
DA:138,0
DA:139,0
DA:140,0
DA:142,0
DA:143,0
DA:144,0
DA:145,0
DA:147,0
DA:148,0
DA:149,0
DA:150,0
DA:151,0
DA:152,0
FN:155,System.Void server.Migrations.dbbroken::Down(Microsoft.EntityFrameworkCore.Migrations.MigrationBuilder)
FNDA:0,System.Void server.Migrations.dbbroken::Down(Microsoft.EntityFrameworkCore.Migrations.MigrationBuilder)
DA:156,0
DA:157,0
DA:158,0
DA:160,0
DA:161,0
DA:163,0
DA:164,0
DA:166,0
DA:167,0
DA:169,0
DA:170,0
DA:172,0
DA:173,0
DA:175,0
DA:176,0
DA:177,0
LF:146
LH:0
BRF:0
BRH:0
FNF:2
FNH:0
end_of_record
SF:/home/rens/school/Project-D/server/Migrations/20240527120349_dbbroken.Designer.cs
FN:19,System.Void server.Migrations.dbbroken::BuildTargetModel(Microsoft.EntityFrameworkCore.ModelBuilder)
FNDA:0,System.Void server.Migrations.dbbroken::BuildTargetModel(Microsoft.EntityFrameworkCore.ModelBuilder)
DA:20,0
DA:22,0
DA:23,0
DA:24,0
DA:26,0
DA:28,0
DA:29,0
DA:30,0
DA:31,0
DA:32,0
DA:33,0
DA:34,0
DA:35,0
DA:36,0
DA:37,0
DA:38,0
DA:39,0
DA:40,0
DA:41,0
DA:42,0
DA:43,0
DA:44,0
DA:45,0
DA:46,0
DA:47,0
DA:48,0
DA:49,0
DA:50,0
DA:52,0
DA:53,0
DA:54,0
DA:55,0
DA:56,0
DA:57,0
DA:58,0
DA:59,0
DA:60,0
DA:61,0
DA:62,0
DA:63,0
DA:64,0
DA:65,0
DA:66,0
DA:67,0
DA:68,0
DA:69,0
DA:70,0
DA:71,0
DA:73,0
DA:74,0
DA:75,0
DA:76,0
DA:77,0
DA:78,0
DA:79,0
DA:80,0
DA:81,0
DA:82,0
DA:83,0
DA:84,0
DA:85,0
DA:86,0
DA:87,0
DA:88,0
DA:89,0
DA:90,0
DA:91,0
DA:92,0
DA:93,0
DA:94,0
DA:95,0
DA:96,0
DA:97,0
DA:98,0
DA:99,0
DA:100,0
DA:101,0
DA:103,0
DA:104,0
DA:105,0
DA:106,0
DA:107,0
DA:108,0
DA:109,0
DA:110,0
DA:111,0
DA:112,0
DA:113,0
DA:114,0
DA:115,0
DA:116,0
DA:117,0
DA:118,0
DA:119,0
DA:120,0
DA:121,0
DA:122,0
DA:123,0
DA:124,0
DA:125,0
DA:126,0
DA:127,0
DA:129,0
DA:130,0
DA:131,0
DA:132,0
DA:133,0
DA:134,0
DA:135,0
DA:136,0
DA:137,0
DA:138,0
DA:139,0
DA:140,0
DA:141,0
DA:142,0
DA:143,0
DA:144,0
DA:145,0
DA:146,0
DA:147,0
DA:148,0
DA:149,0
DA:151,0
DA:152,0
DA:153,0
DA:154,0
DA:155,0
DA:156,0
DA:157,0
DA:158,0
DA:159,0
DA:160,0
DA:161,0
DA:162,0
DA:163,0
DA:164,0
DA:165,0
DA:166,0
DA:167,0
DA:168,0
DA:169,0
DA:170,0
DA:171,0
DA:172,0
DA:173,0
DA:174,0
DA:175,0
DA:176,0
DA:177,0
DA:178,0
DA:179,0
DA:180,0
DA:181,0
DA:182,0
DA:183,0
DA:184,0
DA:185,0
DA:186,0
DA:187,0
DA:188,0
DA:190,0
DA:191,0
DA:192,0
DA:193,0
DA:194,0
DA:195,0
DA:196,0
DA:197,0
DA:198,0
DA:199,0
DA:200,0
DA:201,0
DA:202,0
DA:203,0
DA:204,0
DA:205,0
DA:206,0
DA:207,0
DA:208,0
DA:209,0
DA:210,0
DA:211,0
DA:213,0
DA:214,0
DA:215,0
DA:216,0
DA:217,0
DA:218,0
DA:219,0
DA:220,0
DA:221,0
DA:222,0
DA:223,0
DA:224,0
DA:225,0
DA:226,0
DA:227,0
DA:228,0
DA:229,0
DA:230,0
DA:232,0
DA:233,0
DA:234,0
DA:235,0
DA:236,0
DA:237,0
DA:238,0
DA:239,0
DA:241,0
DA:242,0
DA:243,0
DA:244,0
DA:246,0
DA:247,0
DA:248,0
DA:249,0
DA:251,0
DA:252,0
DA:253,0
DA:254,0
DA:256,0
LF:222
LH:0
BRF:0
BRH:0
FNF:1
FNH:0
end_of_record
SF:/home/rens/school/Project-D/server/Migrations/WamDBContextModelSnapshot.cs
FN:16,System.Void server.Migrations.WamDBContextModelSnapshot::BuildModel(Microsoft.EntityFrameworkCore.ModelBuilder)
FNDA:0,System.Void server.Migrations.WamDBContextModelSnapshot::BuildModel(Microsoft.EntityFrameworkCore.ModelBuilder)
DA:17,0
DA:19,0
DA:20,0
DA:21,0
DA:23,0
DA:25,0
DA:26,0
DA:27,0
DA:28,0
DA:29,0
DA:30,0
DA:31,0
DA:32,0
DA:33,0
DA:34,0
DA:35,0
DA:36,0
DA:37,0
DA:38,0
DA:39,0
DA:40,0
DA:41,0
DA:42,0
DA:43,0
DA:44,0
DA:45,0
DA:46,0
DA:47,0
DA:49,0
DA:50,0
DA:51,0
DA:52,0
DA:53,0
DA:54,0
DA:55,0
DA:56,0
DA:57,0
DA:58,0
DA:59,0
DA:60,0
DA:61,0
DA:62,0
DA:63,0
DA:64,0
DA:65,0
DA:66,0
DA:67,0
DA:68,0
DA:70,0
DA:71,0
DA:72,0
DA:73,0
DA:74,0
DA:75,0
DA:76,0
DA:77,0
DA:78,0
DA:79,0
DA:80,0
DA:81,0
DA:82,0
DA:83,0
DA:84,0
DA:85,0
DA:86,0
DA:87,0
DA:88,0
DA:89,0
DA:90,0
DA:91,0
DA:92,0
DA:93,0
DA:94,0
DA:95,0
DA:96,0
DA:97,0
DA:98,0
DA:100,0
DA:101,0
DA:102,0
DA:103,0
DA:104,0
DA:105,0
DA:106,0
DA:107,0
DA:108,0
DA:109,0
DA:110,0
DA:111,0
DA:112,0
DA:113,0
DA:114,0
DA:115,0
DA:116,0
DA:117,0
DA:118,0
DA:119,0
DA:120,0
DA:121,0
DA:122,0
DA:123,0
DA:124,0
DA:126,0
DA:127,0
DA:128,0
DA:129,0
DA:130,0
DA:131,0
DA:132,0
DA:133,0
DA:134,0
DA:135,0
DA:136,0
DA:137,0
DA:138,0
DA:139,0
DA:140,0
DA:141,0
DA:142,0
DA:143,0
DA:144,0
DA:145,0
DA:146,0
DA:148,0
DA:149,0
DA:150,0
DA:151,0
DA:152,0
DA:153,0
DA:154,0
DA:155,0
DA:156,0
DA:157,0
DA:158,0
DA:159,0
DA:160,0
DA:161,0
DA:162,0
DA:163,0
DA:164,0
DA:165,0
DA:166,0
DA:167,0
DA:168,0
DA:169,0
DA:170,0
DA:171,0
DA:172,0
DA:173,0
DA:174,0
DA:175,0
DA:176,0
DA:177,0
DA:178,0
DA:179,0
DA:180,0
DA:181,0
DA:182,0
DA:183,0
DA:184,0
DA:185,0
DA:187,0
DA:188,0
DA:189,0
DA:190,0
DA:191,0
DA:192,0
DA:193,0
DA:194,0
DA:195,0
DA:196,0
DA:197,0
DA:198,0
DA:199,0
DA:200,0
DA:201,0
DA:202,0
DA:203,0
DA:204,0
DA:205,0
DA:206,0
DA:207,0
DA:208,0
DA:210,0
DA:211,0
DA:212,0
DA:213,0
DA:214,0
DA:215,0
DA:216,0
DA:217,0
DA:218,0
DA:219,0
DA:220,0
DA:221,0
DA:222,0
DA:223,0
DA:224,0
DA:225,0
DA:226,0
DA:227,0
DA:229,0
DA:230,0
DA:231,0
DA:232,0
DA:233,0
DA:234,0
DA:235,0
DA:236,0
DA:238,0
DA:239,0
DA:240,0
DA:241,0
DA:243,0
DA:244,0
DA:245,0
DA:246,0
DA:248,0
DA:249,0
DA:250,0
DA:251,0
DA:253,0
LF:222
LH:0
BRF:0
BRH:0
FNF:1
FNH:0
end_of_record
SF:/home/rens/school/Project-D/server/Startup.cs
FN:22,System.Void WAMServer.Startup::Start()
FNDA:0,System.Void WAMServer.Startup::Start()
DA:23,0
DA:24,0
DA:25,0
DA:26,0
DA:27,0
DA:28,0
DA:29,0
DA:30,0
DA:31,0
DA:32,0
DA:33,0
DA:34,0
DA:35,0
DA:36,0
DA:37,0
DA:38,0
DA:39,0
FN:45,System.Void WAMServer.Startup::configureServices(Microsoft.Extensions.DependencyInjection.IServiceCollection,Microsoft.Extensions.Configuration.IConfiguration)
FNDA:0,System.Void WAMServer.Startup::configureServices(Microsoft.Extensions.DependencyInjection.IServiceCollection,Microsoft.Extensions.Configuration.IConfiguration)
DA:46,0
DA:48,0
DA:49,0
DA:50,0
DA:52,0
DA:53,0
DA:54,0
DA:55,0
DA:56,0
DA:57,0
DA:58,0
DA:59,0
DA:60,0
DA:61,0
DA:62,0
DA:63,0
DA:64,0
DA:65,0
DA:66,0
DA:67,0
DA:68,0
DA:69,0
DA:70,0
DA:71,0
DA:72,0
DA:73,0
DA:74,0
DA:76,0
BRDA:55,78,0,0
BRDA:55,78,1,0
FN:81,System.Void WAMServer.Startup::setupCors(Microsoft.Extensions.DependencyInjection.IServiceCollection)
FNDA:0,System.Void WAMServer.Startup::setupCors(Microsoft.Extensions.DependencyInjection.IServiceCollection)
DA:82,0
DA:83,0
DA:84,0
DA:85,0
DA:86,0
DA:87,0
DA:88,0
DA:89,0
DA:90,0
DA:91,0
DA:92,0
FN:98,System.Void WAMServer.Startup::configure(Microsoft.AspNetCore.Builder.WebApplicationBuilder)
FNDA:0,System.Void WAMServer.Startup::configure(Microsoft.AspNetCore.Builder.WebApplicationBuilder)
DA:99,0
DA:100,0
DA:101,0
DA:102,0
LF:60
LH:0
BRF:2
BRH:0
FNF:4
FNH:0
end_of_record
SF:/home/rens/school/Project-D/server/Validation/InputValidation.cs
FN:7,System.Boolean WAMServer.Validation.InputValidation::IsValidEmail(System.String)
FNDA:11,System.Boolean WAMServer.Validation.InputValidation::IsValidEmail(System.String)
DA:8,11
DA:9,11
DA:10,9
DA:11,9
DA:12,6
DA:13,6
DA:15,3
DA:16,5
DA:17,11
BRDA:9,8,0,9
BRDA:9,8,1,2
BRDA:9,28,0,9
BRDA:11,44,0,6
BRDA:11,44,1,3
BRDA:9,28,1,5
FN:19,System.Boolean WAMServer.Validation.InputValidation::IsValidPassword(System.String)
FNDA:3,System.Boolean WAMServer.Validation.InputValidation::IsValidPassword(System.String)
DA:20,3
DA:21,3
DA:22,2
DA:23,2
DA:24,2
DA:25,2
DA:27,0
DA:28,1
DA:29,3
BRDA:21,8,0,2
BRDA:21,8,1,1
BRDA:21,28,0,2
BRDA:23,44,0,2
BRDA:23,44,1,0
BRDA:21,28,1,1
LF:18
LH:17
BRF:12
BRH:11
FNF:2
FNH:2
end_of_record
SF:/home/rens/school/Project-D/server/Services/DBLoginService.cs
FN:23,WAMServer.Models.User WAMServer.Services.DBLoginService::GetUser(System.String)
FNDA:0,WAMServer.Models.User WAMServer.Services.DBLoginService::GetUser(System.String)
DA:24,0
DA:25,0
DA:26,0
FN:12,System.Void WAMServer.Services.DBLoginService::.ctor(WAMServer.Models.WamDBContext)
FNDA:0,System.Void WAMServer.Services.DBLoginService::.ctor(WAMServer.Models.WamDBContext)
DA:13,0
DA:14,0
DA:15,0
DA:16,0
LF:7
LH:0
BRF:0
BRH:0
FNF:2
FNH:0
end_of_record
SF:/home/rens/school/Project-D/server/Services/DefaultEmailService.cs
FN:16,System.Void WAMServer.Services.DefaultEmailService::SendEmail(System.String,System.String,System.String)
FNDA:0,System.Void WAMServer.Services.DefaultEmailService::SendEmail(System.String,System.String,System.String)
DA:17,0
DA:19,0
DA:20,0
DA:21,0
DA:22,0
DA:24,0
DA:27,0
DA:29,0
DA:30,0
DA:31,0
DA:32,0
DA:33,0
DA:34,0
DA:35,0
FN:37,System.Void WAMServer.Services.DefaultEmailService::ValidateSettings(System.String,System.Int32,System.String,System.String)
FNDA:0,System.Void WAMServer.Services.DefaultEmailService::ValidateSettings(System.String,System.Int32,System.String,System.String)
DA:38,0
DA:39,0
DA:40,0
DA:41,0
DA:44,0
DA:45,0
DA:46,0
DA:49,0
DA:50,0
DA:51,0
DA:53,0
BRDA:39,9,0,0
BRDA:39,9,1,0
BRDA:44,29,0,0
BRDA:44,29,1,0
BRDA:49,49,0,0
BRDA:49,49,1,0
BRDA:49,63,0,0
BRDA:49,63,1,0
FN:55,MimeKit.MimeMessage WAMServer.Services.DefaultEmailService::CreateMailMessage(System.String,System.String,System.String,System.String)
FNDA:0,MimeKit.MimeMessage WAMServer.Services.DefaultEmailService::CreateMailMessage(System.String,System.String,System.String,System.String)
DA:56,0
DA:57,0
DA:58,0
DA:59,0
DA:60,0
DA:61,0
DA:62,0
DA:63,0
DA:64,0
DA:66,0
DA:67,0
FN:69,System.Void WAMServer.Services.DefaultEmailService::ConnectAndAuthenticate(MailKit.Net.Smtp.SmtpClient,System.String,System.Int32,System.String,System.String)
FNDA:0,System.Void WAMServer.Services.DefaultEmailService::ConnectAndAuthenticate(MailKit.Net.Smtp.SmtpClient,System.String,System.Int32,System.String,System.String)
DA:70,0
DA:71,0
DA:72,0
DA:73,0
FN:10,System.Void WAMServer.Services.DefaultEmailService::.ctor(Microsoft.Extensions.Configuration.IConfiguration)
FNDA:0,System.Void WAMServer.Services.DefaultEmailService::.ctor(Microsoft.Extensions.Configuration.IConfiguration)
DA:11,0
DA:12,0
DA:13,0
DA:14,0
LF:44
LH:0
BRF:8
BRH:0
FNF:5
FNH:0
end_of_record
SF:/home/rens/school/Project-D/server/Seeders/DBInitializer.cs
FN:9,System.Void WAMServer.Seeders.DBInitializer::Seed(Microsoft.AspNetCore.Builder.IApplicationBuilder)
FNDA:0,System.Void WAMServer.Seeders.DBInitializer::Seed(Microsoft.AspNetCore.Builder.IApplicationBuilder)
DA:10,0
DA:11,0
DA:12,0
DA:13,0
DA:14,0
DA:15,0
DA:16,0
DA:18,0
DA:20,0
DA:23,0
DA:24,0
DA:25,0
DA:26,0
DA:27,0
DA:28,0
DA:29,0
DA:30,0
DA:31,0
DA:32,0
DA:34,0
DA:35,0
DA:36,0
DA:37,0
DA:38,0
DA:39,0
DA:40,0
DA:41,0
DA:42,0
DA:43,0
DA:44,0
DA:45,0
DA:46,0
DA:47,0
DA:48,0
DA:52,0
DA:53,0
DA:54,0
DA:55,0
DA:56,0
DA:57,0
DA:58,0
DA:59,0
DA:60,0
DA:61,0
DA:62,0
DA:63,0
DA:64,0
DA:65,0
DA:67,0
DA:68,0
DA:71,0
DA:72,0
DA:74,0
DA:75,0
DA:77,0
DA:80,0
DA:81,0
DA:82,0
DA:83,0
DA:84,0
DA:85,0
DA:86,0
DA:88,0
DA:90,0
DA:91,0
DA:92,0
DA:93,0
BRDA:14,32,0,0
BRDA:14,32,1,0
BRDA:23,90,0,0
BRDA:44,474,0,0
BRDA:44,474,1,0
BRDA:23,90,1,0
LF:67
LH:0
BRF:6
BRH:0
FNF:1
FNH:0
end_of_record
SF:/home/rens/school/Project-D/server/Repositories/DbActionLogRepository.cs
FN:17,System.Threading.Tasks.Task`1<WAMServer.Models.ActionLog> WAMServer.Repositories.DbActionLogRepository::AddAsync(WAMServer.Models.ActionLog)
FNDA:0,System.Threading.Tasks.Task`1<WAMServer.Models.ActionLog> WAMServer.Repositories.DbActionLogRepository::AddAsync(WAMServer.Models.ActionLog)
DA:18,0
DA:19,0
FN:22,System.Threading.Tasks.Task`1<WAMServer.Models.ActionLog> WAMServer.Repositories.DbActionLogRepository::DeleteAsync(System.Guid)
FNDA:0,System.Threading.Tasks.Task`1<WAMServer.Models.ActionLog> WAMServer.Repositories.DbActionLogRepository::DeleteAsync(System.Guid)
DA:23,0
DA:24,0
FN:27,WAMServer.Models.ActionLog WAMServer.Repositories.DbActionLogRepository::Get(System.Guid)
FNDA:0,WAMServer.Models.ActionLog WAMServer.Repositories.DbActionLogRepository::Get(System.Guid)
DA:28,0
DA:29,0
FN:32,System.Collections.Generic.IEnumerable`1<WAMServer.Models.ActionLog> WAMServer.Repositories.DbActionLogRepository::GetAll(System.Func`2<WAMServer.Models.ActionLog,System.Boolean>)
FNDA:0,System.Collections.Generic.IEnumerable`1<WAMServer.Models.ActionLog> WAMServer.Repositories.DbActionLogRepository::GetAll(System.Func`2<WAMServer.Models.ActionLog,System.Boolean>)
DA:33,0
DA:34,0
FN:42,System.Threading.Tasks.Task`1<WAMServer.Models.ActionLog> WAMServer.Repositories.DbActionLogRepository::UpdateAsync(WAMServer.Models.ActionLog,System.Func`2<WAMServer.Models.ActionLog,System.Boolean>)
FNDA:0,System.Threading.Tasks.Task`1<WAMServer.Models.ActionLog> WAMServer.Repositories.DbActionLogRepository::UpdateAsync(WAMServer.Models.ActionLog,System.Func`2<WAMServer.Models.ActionLog,System.Boolean>)
DA:43,0
DA:44,0
FN:11,System.Void WAMServer.Repositories.DbActionLogRepository::.ctor(WAMServer.Models.WamDBContext)
FNDA:0,System.Void WAMServer.Repositories.DbActionLogRepository::.ctor(WAMServer.Models.WamDBContext)
DA:12,0
DA:13,0
DA:14,0
DA:15,0
FN:37,System.Void WAMServer.Repositories.DbActionLogRepository/<GetAllAsync>d__6::MoveNext()
FNDA:0,System.Void WAMServer.Repositories.DbActionLogRepository/<GetAllAsync>d__6::MoveNext()
DA:38,0
DA:39,0
DA:40,0
LF:17
LH:0
BRF:0
BRH:0
FNF:7
FNH:0
end_of_record
SF:/home/rens/school/Project-D/server/Repositories/DbActionTypeRepository.cs
FN:9,System.Threading.Tasks.Task`1<WAMServer.Models.ActionType> WAMServer.Repositories.DbActionTypeRepository::AddAsync(WAMServer.Models.ActionType)
FNDA:0,System.Threading.Tasks.Task`1<WAMServer.Models.ActionType> WAMServer.Repositories.DbActionTypeRepository::AddAsync(WAMServer.Models.ActionType)
DA:10,0
DA:11,0
FN:14,System.Threading.Tasks.Task`1<WAMServer.Models.ActionType> WAMServer.Repositories.DbActionTypeRepository::DeleteAsync(System.Guid)
FNDA:0,System.Threading.Tasks.Task`1<WAMServer.Models.ActionType> WAMServer.Repositories.DbActionTypeRepository::DeleteAsync(System.Guid)
DA:15,0
DA:16,0
FN:19,WAMServer.Models.ActionType WAMServer.Repositories.DbActionTypeRepository::Get(System.Guid)
FNDA:0,WAMServer.Models.ActionType WAMServer.Repositories.DbActionTypeRepository::Get(System.Guid)
DA:20,0
DA:21,0
FN:24,System.Collections.Generic.IEnumerable`1<WAMServer.Models.ActionType> WAMServer.Repositories.DbActionTypeRepository::GetAll(System.Func`2<WAMServer.Models.ActionType,System.Boolean>)
FNDA:0,System.Collections.Generic.IEnumerable`1<WAMServer.Models.ActionType> WAMServer.Repositories.DbActionTypeRepository::GetAll(System.Func`2<WAMServer.Models.ActionType,System.Boolean>)
DA:25,0
DA:26,0
FN:29,System.Threading.Tasks.Task`1<System.Collections.Generic.IEnumerable`1<WAMServer.Models.ActionType>> WAMServer.Repositories.DbActionTypeRepository::GetAllAsync()
FNDA:0,System.Threading.Tasks.Task`1<System.Collections.Generic.IEnumerable`1<WAMServer.Models.ActionType>> WAMServer.Repositories.DbActionTypeRepository::GetAllAsync()
DA:30,0
DA:31,0
FN:34,System.Threading.Tasks.Task`1<WAMServer.Models.ActionType> WAMServer.Repositories.DbActionTypeRepository::UpdateAsync(WAMServer.Models.ActionType,System.Func`2<WAMServer.Models.ActionType,System.Boolean>)
FNDA:0,System.Threading.Tasks.Task`1<WAMServer.Models.ActionType> WAMServer.Repositories.DbActionTypeRepository::UpdateAsync(WAMServer.Models.ActionType,System.Func`2<WAMServer.Models.ActionType,System.Boolean>)
DA:35,0
DA:36,0
LF:12
LH:0
BRF:0
BRH:0
FNF:6
FNH:0
end_of_record
SF:/home/rens/school/Project-D/server/Repositories/DbAddressRepository.cs
FN:32,System.Threading.Tasks.Task`1<WAMServer.Models.Address> WAMServer.Repositories.DbAddressRepository::DeleteAsync(System.Guid)
FNDA:0,System.Threading.Tasks.Task`1<WAMServer.Models.Address> WAMServer.Repositories.DbAddressRepository::DeleteAsync(System.Guid)
DA:33,0
DA:34,0
FN:42,WAMServer.Models.Address WAMServer.Repositories.DbAddressRepository::Get(System.Guid)
FNDA:0,WAMServer.Models.Address WAMServer.Repositories.DbAddressRepository::Get(System.Guid)
DA:43,0
DA:44,0
DA:45,0
FN:47,System.Collections.Generic.IEnumerable`1<WAMServer.Models.Address> WAMServer.Repositories.DbAddressRepository::GetAll(System.Func`2<WAMServer.Models.Address,System.Boolean>)
FNDA:0,System.Collections.Generic.IEnumerable`1<WAMServer.Models.Address> WAMServer.Repositories.DbAddressRepository::GetAll(System.Func`2<WAMServer.Models.Address,System.Boolean>)
DA:48,0
DA:49,0
FN:52,System.Threading.Tasks.Task`1<System.Collections.Generic.IEnumerable`1<WAMServer.Models.Address>> WAMServer.Repositories.DbAddressRepository::GetAllAsync()
FNDA:0,System.Threading.Tasks.Task`1<System.Collections.Generic.IEnumerable`1<WAMServer.Models.Address>> WAMServer.Repositories.DbAddressRepository::GetAllAsync()
DA:53,0
DA:54,0
FN:14,System.Void WAMServer.Repositories.DbAddressRepository::.ctor(WAMServer.Models.WamDBContext)
FNDA:0,System.Void WAMServer.Repositories.DbAddressRepository::.ctor(WAMServer.Models.WamDBContext)
DA:15,0
DA:16,0
DA:17,0
DA:18,0
FN:25,System.Void WAMServer.Repositories.DbAddressRepository/<AddAsync>d__2::MoveNext()
FNDA:0,System.Void WAMServer.Repositories.DbAddressRepository/<AddAsync>d__2::MoveNext()
DA:26,0
DA:27,0
DA:28,0
DA:29,0
DA:30,0
FN:57,System.Void WAMServer.Repositories.DbAddressRepository/<UpdateAsync>d__7::MoveNext()
FNDA:0,System.Void WAMServer.Repositories.DbAddressRepository/<UpdateAsync>d__7::MoveNext()
DA:58,0
DA:59,0
DA:60,0
DA:61,0
DA:62,0
DA:63,0
DA:64,0
DA:65,0
DA:66,0
DA:67,0
BRDA:60,67,0,0
BRDA:60,67,1,0
BRDA:61,92,0,0
BRDA:61,92,1,0
BRDA:62,135,0,0
BRDA:62,135,1,0
BRDA:63,178,0,0
BRDA:63,178,1,0
BRDA:64,221,0,0
BRDA:64,221,1,0
LF:28
LH:0
BRF:10
BRH:0
FNF:7
FNH:0
end_of_record
SF:/home/rens/school/Project-D/server/Repositories/DbControlPCRepository.cs
FN:9,System.Threading.Tasks.Task`1<WAMServer.Models.ControlPC> WAMServer.Repositories.DbControlPCRepository::AddAsync(WAMServer.Models.ControlPC)
FNDA:0,System.Threading.Tasks.Task`1<WAMServer.Models.ControlPC> WAMServer.Repositories.DbControlPCRepository::AddAsync(WAMServer.Models.ControlPC)
DA:10,0
DA:11,0
FN:14,System.Threading.Tasks.Task`1<WAMServer.Models.ControlPC> WAMServer.Repositories.DbControlPCRepository::DeleteAsync(System.Guid)
FNDA:0,System.Threading.Tasks.Task`1<WAMServer.Models.ControlPC> WAMServer.Repositories.DbControlPCRepository::DeleteAsync(System.Guid)
DA:15,0
DA:16,0
FN:19,WAMServer.Models.ControlPC WAMServer.Repositories.DbControlPCRepository::Get(System.Guid)
FNDA:0,WAMServer.Models.ControlPC WAMServer.Repositories.DbControlPCRepository::Get(System.Guid)
DA:20,0
DA:21,0
FN:24,System.Collections.Generic.IEnumerable`1<WAMServer.Models.ControlPC> WAMServer.Repositories.DbControlPCRepository::GetAll(System.Func`2<WAMServer.Models.ControlPC,System.Boolean>)
FNDA:0,System.Collections.Generic.IEnumerable`1<WAMServer.Models.ControlPC> WAMServer.Repositories.DbControlPCRepository::GetAll(System.Func`2<WAMServer.Models.ControlPC,System.Boolean>)
DA:25,0
DA:26,0
FN:29,System.Threading.Tasks.Task`1<System.Collections.Generic.IEnumerable`1<WAMServer.Models.ControlPC>> WAMServer.Repositories.DbControlPCRepository::GetAllAsync()
FNDA:0,System.Threading.Tasks.Task`1<System.Collections.Generic.IEnumerable`1<WAMServer.Models.ControlPC>> WAMServer.Repositories.DbControlPCRepository::GetAllAsync()
DA:30,0
DA:31,0
FN:34,System.Threading.Tasks.Task`1<WAMServer.Models.ControlPC> WAMServer.Repositories.DbControlPCRepository::UpdateAsync(WAMServer.Models.ControlPC,System.Func`2<WAMServer.Models.ControlPC,System.Boolean>)
FNDA:0,System.Threading.Tasks.Task`1<WAMServer.Models.ControlPC> WAMServer.Repositories.DbControlPCRepository::UpdateAsync(WAMServer.Models.ControlPC,System.Func`2<WAMServer.Models.ControlPC,System.Boolean>)
DA:35,0
DA:36,0
LF:12
LH:0
BRF:0
BRH:0
FNF:6
FNH:0
end_of_record
SF:/home/rens/school/Project-D/server/Repositories/DbGroundWaterLogRepository.cs
FN:24,System.Threading.Tasks.Task`1<WAMServer.Models.GroundWaterLog> WAMServer.Repositories.DbGroundWaterLogRepository::DeleteAsync(System.Guid)
FNDA:0,System.Threading.Tasks.Task`1<WAMServer.Models.GroundWaterLog> WAMServer.Repositories.DbGroundWaterLogRepository::DeleteAsync(System.Guid)
DA:25,0
DA:26,0
FN:29,WAMServer.Models.GroundWaterLog WAMServer.Repositories.DbGroundWaterLogRepository::Get(System.Guid)
FNDA:0,WAMServer.Models.GroundWaterLog WAMServer.Repositories.DbGroundWaterLogRepository::Get(System.Guid)
DA:30,0
DA:31,0
DA:32,0
FN:34,System.Collections.Generic.IEnumerable`1<WAMServer.Models.GroundWaterLog> WAMServer.Repositories.DbGroundWaterLogRepository::GetAll(System.Func`2<WAMServer.Models.GroundWaterLog,System.Boolean>)
FNDA:0,System.Collections.Generic.IEnumerable`1<WAMServer.Models.GroundWaterLog> WAMServer.Repositories.DbGroundWaterLogRepository::GetAll(System.Func`2<WAMServer.Models.GroundWaterLog,System.Boolean>)
DA:35,0
DA:36,0
FN:45,System.Threading.Tasks.Task`1<WAMServer.Models.GroundWaterLog> WAMServer.Repositories.DbGroundWaterLogRepository::UpdateAsync(WAMServer.Models.GroundWaterLog,System.Func`2<WAMServer.Models.GroundWaterLog,System.Boolean>)
FNDA:0,System.Threading.Tasks.Task`1<WAMServer.Models.GroundWaterLog> WAMServer.Repositories.DbGroundWaterLogRepository::UpdateAsync(WAMServer.Models.GroundWaterLog,System.Func`2<WAMServer.Models.GroundWaterLog,System.Boolean>)
DA:46,0
DA:47,0
FN:11,System.Void WAMServer.Repositories.DbGroundWaterLogRepository::.ctor(WAMServer.Models.WamDBContext)
FNDA:0,System.Void WAMServer.Repositories.DbGroundWaterLogRepository::.ctor(WAMServer.Models.WamDBContext)
DA:12,0
DA:13,0
DA:14,0
DA:15,0
FN:17,System.Void WAMServer.Repositories.DbGroundWaterLogRepository/<AddAsync>d__2::MoveNext()
FNDA:0,System.Void WAMServer.Repositories.DbGroundWaterLogRepository/<AddAsync>d__2::MoveNext()
DA:18,0
DA:19,0
DA:20,0
DA:21,0
DA:22,0
FN:39,System.Void WAMServer.Repositories.DbGroundWaterLogRepository/<GetAllAsync>d__6::MoveNext()
FNDA:0,System.Void WAMServer.Repositories.DbGroundWaterLogRepository/<GetAllAsync>d__6::MoveNext()
DA:40,0
DA:41,0
DA:42,0
LF:21
LH:0
BRF:0
BRH:0
FNF:7
FNH:0
end_of_record
SF:/home/rens/school/Project-D/server/Repositories/DbUserRepository.cs
FN:32,System.Threading.Tasks.Task`1<WAMServer.Models.User> WAMServer.Repositories.DbUserRepository::DeleteAsync(System.Guid)
FNDA:0,System.Threading.Tasks.Task`1<WAMServer.Models.User> WAMServer.Repositories.DbUserRepository::DeleteAsync(System.Guid)
DA:33,0
DA:34,0
FN:42,WAMServer.Models.User WAMServer.Repositories.DbUserRepository::Get(System.Guid)
FNDA:0,WAMServer.Models.User WAMServer.Repositories.DbUserRepository::Get(System.Guid)
DA:43,0
DA:44,0
DA:45,0
FN:47,System.Threading.Tasks.Task`1<System.Collections.Generic.IEnumerable`1<WAMServer.Models.User>> WAMServer.Repositories.DbUserRepository::GetAllAsync()
FNDA:0,System.Threading.Tasks.Task`1<System.Collections.Generic.IEnumerable`1<WAMServer.Models.User>> WAMServer.Repositories.DbUserRepository::GetAllAsync()
DA:48,0
DA:49,0
FN:52,System.Collections.Generic.IEnumerable`1<WAMServer.Models.User> WAMServer.Repositories.DbUserRepository::GetAll(System.Func`2<WAMServer.Models.User,System.Boolean>)
FNDA:0,System.Collections.Generic.IEnumerable`1<WAMServer.Models.User> WAMServer.Repositories.DbUserRepository::GetAll(System.Func`2<WAMServer.Models.User,System.Boolean>)
DA:53,0
DA:54,0
DA:55,0
FN:14,System.Void WAMServer.Repositories.DbUserRepository::.ctor(WAMServer.Models.WamDBContext)
FNDA:0,System.Void WAMServer.Repositories.DbUserRepository::.ctor(WAMServer.Models.WamDBContext)
DA:15,0
DA:16,0
DA:17,0
DA:18,0
FN:25,System.Void WAMServer.Repositories.DbUserRepository/<AddAsync>d__2::MoveNext()
FNDA:0,System.Void WAMServer.Repositories.DbUserRepository/<AddAsync>d__2::MoveNext()
DA:26,0
DA:27,0
DA:28,0
DA:29,0
DA:30,0
FN:57,System.Void WAMServer.Repositories.DbUserRepository/<UpdateAsync>d__7::MoveNext()
FNDA:0,System.Void WAMServer.Repositories.DbUserRepository/<UpdateAsync>d__7::MoveNext()
DA:58,0
DA:59,0
DA:60,0
DA:61,0
DA:62,0
DA:64,0
DA:65,0
DA:66,0
DA:67,0
DA:68,0
DA:69,0
DA:70,0
DA:71,0
DA:72,0
DA:73,0
BRDA:60,67,0,0
BRDA:60,67,1,0
LF:34
LH:0
BRF:2
BRH:0
FNF:7
FNH:0
end_of_record
SF:/home/rens/school/Project-D/server/Repositories/DbUserSettingRepository.cs
FN:9,System.Threading.Tasks.Task`1<WAMServer.Models.UserSetting> WAMServer.Repositories.DbUserSettingRepository::AddAsync(WAMServer.Models.UserSetting)
FNDA:0,System.Threading.Tasks.Task`1<WAMServer.Models.UserSetting> WAMServer.Repositories.DbUserSettingRepository::AddAsync(WAMServer.Models.UserSetting)
DA:10,0
DA:11,0
FN:14,System.Threading.Tasks.Task`1<WAMServer.Models.UserSetting> WAMServer.Repositories.DbUserSettingRepository::DeleteAsync(System.Guid)
FNDA:0,System.Threading.Tasks.Task`1<WAMServer.Models.UserSetting> WAMServer.Repositories.DbUserSettingRepository::DeleteAsync(System.Guid)
DA:15,0
DA:16,0
FN:19,WAMServer.Models.UserSetting WAMServer.Repositories.DbUserSettingRepository::Get(System.Guid)
FNDA:0,WAMServer.Models.UserSetting WAMServer.Repositories.DbUserSettingRepository::Get(System.Guid)
DA:20,0
DA:21,0
FN:24,System.Collections.Generic.IEnumerable`1<WAMServer.Models.UserSetting> WAMServer.Repositories.DbUserSettingRepository::GetAll(System.Func`2<WAMServer.Models.UserSetting,System.Boolean>)
FNDA:0,System.Collections.Generic.IEnumerable`1<WAMServer.Models.UserSetting> WAMServer.Repositories.DbUserSettingRepository::GetAll(System.Func`2<WAMServer.Models.UserSetting,System.Boolean>)
DA:25,0
DA:26,0
FN:29,System.Threading.Tasks.Task`1<System.Collections.Generic.IEnumerable`1<WAMServer.Models.UserSetting>> WAMServer.Repositories.DbUserSettingRepository::GetAllAsync()
FNDA:0,System.Threading.Tasks.Task`1<System.Collections.Generic.IEnumerable`1<WAMServer.Models.UserSetting>> WAMServer.Repositories.DbUserSettingRepository::GetAllAsync()
DA:30,0
DA:31,0
FN:34,System.Threading.Tasks.Task`1<WAMServer.Models.UserSetting> WAMServer.Repositories.DbUserSettingRepository::UpdateAsync(WAMServer.Models.UserSetting,System.Func`2<WAMServer.Models.UserSetting,System.Boolean>)
FNDA:0,System.Threading.Tasks.Task`1<WAMServer.Models.UserSetting> WAMServer.Repositories.DbUserSettingRepository::UpdateAsync(WAMServer.Models.UserSetting,System.Func`2<WAMServer.Models.UserSetting,System.Boolean>)
DA:35,0
DA:36,0
LF:12
LH:0
BRF:0
BRH:0
FNF:6
FNH:0
end_of_record
SF:/home/rens/school/Project-D/server/Records/LoginBody.cs
FN:2,System.String WAMServer.Records.LoginBody::get_Email()
FNDA:30,System.String WAMServer.Records.LoginBody::get_Email()
DA:3,30
LF:1
LH:1
BRF:0
BRH:0
FNF:1
FNH:1
end_of_record
SF:/home/rens/school/Project-D/server/Records/Bodies/AddressPatchBody.cs
FN:7,System.String WAMServer.Records.Bodies.AddressPatchBody::get_Street()
FNDA:2,System.String WAMServer.Records.Bodies.AddressPatchBody::get_Street()
DA:8,2
FN:8,System.String WAMServer.Records.Bodies.AddressPatchBody::get_HouseNumber()
FNDA:2,System.String WAMServer.Records.Bodies.AddressPatchBody::get_HouseNumber()
DA:9,2
FN:9,System.String WAMServer.Records.Bodies.AddressPatchBody::get_City()
FNDA:2,System.String WAMServer.Records.Bodies.AddressPatchBody::get_City()
DA:10,2
FN:10,System.String WAMServer.Records.Bodies.AddressPatchBody::get_Zip()
FNDA:1,System.String WAMServer.Records.Bodies.AddressPatchBody::get_Zip()
DA:11,1
FN:11,System.String WAMServer.Records.Bodies.AddressPatchBody::get_Password()
FNDA:4,System.String WAMServer.Records.Bodies.AddressPatchBody::get_Password()
DA:12,4
LF:5
LH:5
BRF:0
BRH:0
FNF:5
FNH:5
end_of_record
SF:/home/rens/school/Project-D/server/Records/Bodies/ErrorBody.cs
FN:2,System.String WAMServer.Records.Bodies.ErrorBody::get_Error()
FNDA:18,System.String WAMServer.Records.Bodies.ErrorBody::get_Error()
DA:3,18
LF:1
LH:1
BRF:0
BRH:0
FNF:1
FNH:1
end_of_record
SF:/home/rens/school/Project-D/server/Records/Bodies/UserBody.cs
FN:4,System.String WAMServer.Records.Bodies.UserBody::get_Email()
FNDA:14,System.String WAMServer.Records.Bodies.UserBody::get_Email()
DA:5,14
FN:5,System.String WAMServer.Records.Bodies.UserBody::get_Password()
FNDA:13,System.String WAMServer.Records.Bodies.UserBody::get_Password()
DA:6,13
FN:6,System.String WAMServer.Records.Bodies.UserBody::get_FirstName()
FNDA:10,System.String WAMServer.Records.Bodies.UserBody::get_FirstName()
DA:7,10
FN:7,System.String WAMServer.Records.Bodies.UserBody::get_LastName()
FNDA:10,System.String WAMServer.Records.Bodies.UserBody::get_LastName()
DA:8,10
LF:4
LH:4
BRF:0
BRH:0
FNF:4
FNH:4
end_of_record
SF:/home/rens/school/Project-D/server/Models/Actionlog.cs
FN:11,System.Guid WAMServer.Models.ActionLog::get_Id()
FNDA:15,System.Guid WAMServer.Models.ActionLog::get_Id()
DA:12,15
FN:14,System.Guid WAMServer.Models.ActionLog::get_userId()
FNDA:15,System.Guid WAMServer.Models.ActionLog::get_userId()
DA:15,15
FN:16,System.Int32 WAMServer.Models.ActionLog::get_actionTypeID()
FNDA:15,System.Int32 WAMServer.Models.ActionLog::get_actionTypeID()
DA:17,15
FN:19,System.DateTime WAMServer.Models.ActionLog::get_dateTimeStamp()
FNDA:15,System.DateTime WAMServer.Models.ActionLog::get_dateTimeStamp()
DA:20,15
FN:21,WAMServer.Models.User WAMServer.Models.ActionLog::get_User()
FNDA:15,WAMServer.Models.User WAMServer.Models.ActionLog::get_User()
DA:22,15
FN:22,WAMServer.Models.ActionType WAMServer.Models.ActionLog::get_ActionType()
FNDA:15,WAMServer.Models.ActionType WAMServer.Models.ActionLog::get_ActionType()
DA:23,15
FN:30,System.Void WAMServer.Models.ActionLog::.ctor(System.Guid,System.Int32,System.DateTime)
FNDA:10,System.Void WAMServer.Models.ActionLog::.ctor(System.Guid,System.Int32,System.DateTime)
DA:31,10
DA:32,10
DA:33,10
DA:34,10
DA:35,10
DA:36,10
DA:37,10
LF:13
LH:13
BRF:0
BRH:0
FNF:7
FNH:7
end_of_record
SF:/home/rens/school/Project-D/server/Models/ActionType.cs
FN:11,System.Int32 WAMServer.Models.ActionType::get_Id()
FNDA:0,System.Int32 WAMServer.Models.ActionType::get_Id()
DA:12,0
FN:14,System.String WAMServer.Models.ActionType::get_title()
FNDA:0,System.String WAMServer.Models.ActionType::get_title()
DA:15,0
FN:17,System.String WAMServer.Models.ActionType::get_details()
FNDA:0,System.String WAMServer.Models.ActionType::get_details()
DA:18,0
FN:19,System.Collections.Generic.List`1<WAMServer.Models.ActionLog> WAMServer.Models.ActionType::get_ActionLogs()
FNDA:0,System.Collections.Generic.List`1<WAMServer.Models.ActionLog> WAMServer.Models.ActionType::get_ActionLogs()
DA:20,0
FN:26,System.Void WAMServer.Models.ActionType::.ctor(System.String,System.String)
FNDA:0,System.Void WAMServer.Models.ActionType::.ctor(System.String,System.String)
DA:27,0
DA:28,0
DA:29,0
DA:30,0
DA:31,0
LF:9
LH:0
BRF:0
BRH:0
FNF:5
FNH:0
end_of_record
SF:/home/rens/school/Project-D/server/Models/Address.cs
FN:15,System.Guid WAMServer.Models.Address::get_Id()
FNDA:1,System.Guid WAMServer.Models.Address::get_Id()
DA:16,1
FN:19,System.String WAMServer.Models.Address::get_Street()
FNDA:6,System.String WAMServer.Models.Address::get_Street()
DA:20,6
FN:23,System.String WAMServer.Models.Address::get_HouseNumber()
FNDA:6,System.String WAMServer.Models.Address::get_HouseNumber()
DA:24,6
FN:27,System.String WAMServer.Models.Address::get_City()
FNDA:6,System.String WAMServer.Models.Address::get_City()
DA:28,6
FN:31,System.String WAMServer.Models.Address::get_Zip()
FNDA:6,System.String WAMServer.Models.Address::get_Zip()
DA:32,6
FN:35,System.Nullable`1<System.Guid> WAMServer.Models.Address::get_UserId()
FNDA:2,System.Nullable`1<System.Guid> WAMServer.Models.Address::get_UserId()
DA:36,2
FN:39,WAMServer.Models.User WAMServer.Models.Address::get_User()
FNDA:0,WAMServer.Models.User WAMServer.Models.Address::get_User()
DA:40,0
FN:41,System.Void WAMServer.Models.Address::.ctor()
FNDA:6,System.Void WAMServer.Models.Address::.ctor()
DA:42,6
FN:42,System.Void WAMServer.Models.Address::.ctor(WAMServer.Records.Bodies.AddressPatchBody)
FNDA:1,System.Void WAMServer.Models.Address::.ctor(WAMServer.Records.Bodies.AddressPatchBody)
DA:43,1
DA:44,1
DA:45,1
DA:46,1
DA:47,1
DA:48,1
DA:49,1
LF:15
LH:14
BRF:0
BRH:0
FNF:9
FNH:8
end_of_record
SF:/home/rens/school/Project-D/server/Models/ControlPC.cs
FN:11,System.Guid WAMServer.Models.ControlPC::get_Id()
FNDA:28,System.Guid WAMServer.Models.ControlPC::get_Id()
DA:12,28
FN:14,System.Guid WAMServer.Models.ControlPC::get_userId()
FNDA:6,System.Guid WAMServer.Models.ControlPC::get_userId()
DA:15,6
FN:16,System.String WAMServer.Models.ControlPC::get_secret()
FNDA:17,System.String WAMServer.Models.ControlPC::get_secret()
DA:17,17
FN:19,System.String WAMServer.Models.ControlPC::get_meetputBroID()
FNDA:16,System.String WAMServer.Models.ControlPC::get_meetputBroID()
DA:20,16
FN:21,System.String WAMServer.Models.ControlPC::get_ControlPCSecret()
FNDA:16,System.String WAMServer.Models.ControlPC::get_ControlPCSecret()
DA:22,16
FN:30,System.Void WAMServer.Models.ControlPC::.ctor(System.Guid,System.String,System.String,System.String)
FNDA:12,System.Void WAMServer.Models.ControlPC::.ctor(System.Guid,System.String,System.String,System.String)
DA:31,12
DA:32,12
DA:33,12
DA:34,12
DA:35,12
DA:36,12
DA:37,12
LF:12
LH:12
BRF:0
BRH:0
FNF:6
FNH:6
end_of_record
SF:/home/rens/school/Project-D/server/Models/GroundWaterLog.cs
FN:11,System.Guid WAMServer.Models.GroundWaterLog::get_Id()
FNDA:3,System.Guid WAMServer.Models.GroundWaterLog::get_Id()
DA:12,3
FN:13,System.String WAMServer.Models.GroundWaterLog::get_controlPCID()
FNDA:6,System.String WAMServer.Models.GroundWaterLog::get_controlPCID()
DA:14,6
FN:16,System.DateTime WAMServer.Models.GroundWaterLog::get_date()
FNDA:3,System.DateTime WAMServer.Models.GroundWaterLog::get_date()
DA:17,3
FN:18,System.Decimal WAMServer.Models.GroundWaterLog::get_level()
FNDA:6,System.Decimal WAMServer.Models.GroundWaterLog::get_level()
DA:19,6
FN:26,System.Void WAMServer.Models.GroundWaterLog::.ctor(System.String,System.DateTime,System.Decimal)
FNDA:3,System.Void WAMServer.Models.GroundWaterLog::.ctor(System.String,System.DateTime,System.Decimal)
DA:27,3
DA:28,3
DA:29,3
DA:30,3
DA:31,3
DA:32,3
DA:33,3
LF:11
LH:11
BRF:0
BRH:0
FNF:5
FNH:5
end_of_record
SF:/home/rens/school/Project-D/server/Models/User.cs
FN:12,System.Guid WAMServer.Models.User::get_Id()
FNDA:21,System.Guid WAMServer.Models.User::get_Id()
DA:13,21
FN:14,System.String WAMServer.Models.User::get_FirstName()
FNDA:25,System.String WAMServer.Models.User::get_FirstName()
DA:15,25
FN:16,System.String WAMServer.Models.User::get_LastName()
FNDA:25,System.String WAMServer.Models.User::get_LastName()
DA:17,25
FN:18,System.String WAMServer.Models.User::get_Email()
FNDA:36,System.String WAMServer.Models.User::get_Email()
DA:19,36
FN:20,System.String WAMServer.Models.User::get_Password()
FNDA:32,System.String WAMServer.Models.User::get_Password()
DA:21,32
FN:22,System.Boolean WAMServer.Models.User::get_IsConfirmed()
FNDA:29,System.Boolean WAMServer.Models.User::get_IsConfirmed()
DA:23,29
FN:25,System.Guid WAMServer.Models.User::get_ConfirmationToken()
FNDA:16,System.Guid WAMServer.Models.User::get_ConfirmationToken()
DA:26,16
FN:27,System.Nullable`1<System.Guid> WAMServer.Models.User::get_AddressId()
FNDA:11,System.Nullable`1<System.Guid> WAMServer.Models.User::get_AddressId()
DA:28,11
FN:28,WAMServer.Models.Address WAMServer.Models.User::get_Address()
FNDA:0,WAMServer.Models.Address WAMServer.Models.User::get_Address()
DA:29,0
FN:29,System.Collections.Generic.List`1<WAMServer.Models.ActionLog> WAMServer.Models.User::get_ActionLogs()
FNDA:0,System.Collections.Generic.List`1<WAMServer.Models.ActionLog> WAMServer.Models.User::get_ActionLogs()
DA:30,0
FN:39,System.Void WAMServer.Models.User::.ctor(System.String,System.String,System.String,System.String)
FNDA:10,System.Void WAMServer.Models.User::.ctor(System.String,System.String,System.String,System.String)
DA:40,10
DA:41,10
DA:42,10
FN:44,System.Void WAMServer.Models.User::.ctor(System.Guid,System.String,System.String,System.String,System.String,System.Boolean,System.Guid,System.Nullable`1<System.Guid>)
FNDA:10,System.Void WAMServer.Models.User::.ctor(System.Guid,System.String,System.String,System.String,System.String,System.Boolean,System.Guid,System.Nullable`1<System.Guid>)
DA:45,10
DA:46,10
DA:47,10
DA:48,10
DA:49,10
DA:50,10
DA:51,10
DA:52,10
DA:53,10
DA:54,10
DA:55,10
FN:56,System.Void WAMServer.Models.User::.ctor()
FNDA:5,System.Void WAMServer.Models.User::.ctor()
DA:57,5
DA:58,5
DA:59,5
LF:27
LH:25
BRF:0
BRH:0
FNF:13
FNH:11
end_of_record
SF:/home/rens/school/Project-D/server/Models/UserSetting.cs
FN:11,System.Guid WAMServer.Models.UserSetting::get_Id()
FNDA:0,System.Guid WAMServer.Models.UserSetting::get_Id()
DA:12,0
FN:14,System.Guid WAMServer.Models.UserSetting::get_userId()
FNDA:0,System.Guid WAMServer.Models.UserSetting::get_userId()
DA:15,0
FN:16,System.Guid WAMServer.Models.UserSetting::get_controlPCID()
FNDA:0,System.Guid WAMServer.Models.UserSetting::get_controlPCID()
DA:17,0
FN:18,System.String WAMServer.Models.UserSetting::get_controlPCSecret()
FNDA:0,System.String WAMServer.Models.UserSetting::get_controlPCSecret()
DA:19,0
FN:26,System.Void WAMServer.Models.UserSetting::.ctor(System.Guid,System.Guid,System.String)
FNDA:0,System.Void WAMServer.Models.UserSetting::.ctor(System.Guid,System.Guid,System.String)
DA:27,0
DA:28,0
DA:29,0
DA:30,0
DA:31,0
DA:32,0
DA:33,0
LF:11
LH:0
BRF:0
BRH:0
FNF:5
FNH:0
end_of_record
SF:/home/rens/school/Project-D/server/Models/WamDBContext.cs
FN:14,System.Void WAMServer.Models.WamDBContext::OnModelCreating(Microsoft.EntityFrameworkCore.ModelBuilder)
FNDA:0,System.Void WAMServer.Models.WamDBContext::OnModelCreating(Microsoft.EntityFrameworkCore.ModelBuilder)
DA:15,0
DA:16,0
DA:17,0
DA:18,0
DA:19,0
DA:20,0
DA:21,0
DA:22,0
DA:23,0
DA:25,0
DA:26,0
DA:27,0
DA:28,0
DA:29,0
FN:30,Microsoft.EntityFrameworkCore.DbSet`1<WAMServer.Models.User> WAMServer.Models.WamDBContext::get_Users()
FNDA:0,Microsoft.EntityFrameworkCore.DbSet`1<WAMServer.Models.User> WAMServer.Models.WamDBContext::get_Users()
DA:31,0
FN:31,Microsoft.EntityFrameworkCore.DbSet`1<WAMServer.Models.Address> WAMServer.Models.WamDBContext::get_Addresses()
FNDA:0,Microsoft.EntityFrameworkCore.DbSet`1<WAMServer.Models.Address> WAMServer.Models.WamDBContext::get_Addresses()
DA:32,0
FN:32,Microsoft.EntityFrameworkCore.DbSet`1<WAMServer.Models.ControlPC> WAMServer.Models.WamDBContext::get_ControlPCs()
FNDA:0,Microsoft.EntityFrameworkCore.DbSet`1<WAMServer.Models.ControlPC> WAMServer.Models.WamDBContext::get_ControlPCs()
DA:33,0
FN:33,Microsoft.EntityFrameworkCore.DbSet`1<WAMServer.Models.GroundWaterLog> WAMServer.Models.WamDBContext::get_GroundWaterLog()
FNDA:0,Microsoft.EntityFrameworkCore.DbSet`1<WAMServer.Models.GroundWaterLog> WAMServer.Models.WamDBContext::get_GroundWaterLog()
DA:34,0
FN:34,Microsoft.EntityFrameworkCore.DbSet`1<WAMServer.Models.ControlPC> WAMServer.Models.WamDBContext::get_ControlPC()
FNDA:0,Microsoft.EntityFrameworkCore.DbSet`1<WAMServer.Models.ControlPC> WAMServer.Models.WamDBContext::get_ControlPC()
DA:35,0
FN:35,Microsoft.EntityFrameworkCore.DbSet`1<WAMServer.Models.ActionLog> WAMServer.Models.WamDBContext::get_ActionLog()
FNDA:0,Microsoft.EntityFrameworkCore.DbSet`1<WAMServer.Models.ActionLog> WAMServer.Models.WamDBContext::get_ActionLog()
DA:36,0
FN:36,Microsoft.EntityFrameworkCore.DbSet`1<WAMServer.Models.ActionType> WAMServer.Models.WamDBContext::get_ActionType()
FNDA:0,Microsoft.EntityFrameworkCore.DbSet`1<WAMServer.Models.ActionType> WAMServer.Models.WamDBContext::get_ActionType()
DA:37,0
FN:37,Microsoft.EntityFrameworkCore.DbSet`1<WAMServer.Models.UserSetting> WAMServer.Models.WamDBContext::get_UserSetting()
FNDA:0,Microsoft.EntityFrameworkCore.DbSet`1<WAMServer.Models.UserSetting> WAMServer.Models.WamDBContext::get_UserSetting()
DA:38,0
FN:9,System.Void WAMServer.Models.WamDBContext::.ctor(Microsoft.EntityFrameworkCore.DbContextOptions`1<WAMServer.Models.WamDBContext>)
FNDA:0,System.Void WAMServer.Models.WamDBContext::.ctor(Microsoft.EntityFrameworkCore.DbContextOptions`1<WAMServer.Models.WamDBContext>)
DA:10,0
DA:11,0
DA:12,0
LF:25
LH:0
BRF:0
BRH:0
FNF:10
FNH:0
end_of_record
SF:/home/rens/school/Project-D/server/DTO/UserDTO.cs
FN:6,System.Guid WAMServer.DTO.UserDTO::get_Id()
FNDA:0,System.Guid WAMServer.DTO.UserDTO::get_Id()
DA:7,0
FN:7,System.String WAMServer.DTO.UserDTO::get_FirstName()
FNDA:0,System.String WAMServer.DTO.UserDTO::get_FirstName()
DA:8,0
FN:8,System.String WAMServer.DTO.UserDTO::get_LastName()
FNDA:0,System.String WAMServer.DTO.UserDTO::get_LastName()
DA:9,0
FN:9,System.String WAMServer.DTO.UserDTO::get_Email()
FNDA:0,System.String WAMServer.DTO.UserDTO::get_Email()
DA:10,0
FN:10,WAMServer.Models.Address WAMServer.DTO.UserDTO::get_Address()
FNDA:0,WAMServer.Models.Address WAMServer.DTO.UserDTO::get_Address()
DA:11,0
FN:12,System.Void WAMServer.DTO.UserDTO::.ctor(System.Guid,System.String,System.String,System.String,WAMServer.Models.Address)
FNDA:0,System.Void WAMServer.DTO.UserDTO::.ctor(System.Guid,System.String,System.String,System.String,WAMServer.Models.Address)
DA:13,0
DA:14,0
DA:15,0
DA:16,0
DA:17,0
DA:18,0
DA:19,0
DA:20,0
FN:21,System.Void WAMServer.DTO.UserDTO::.ctor(WAMServer.Models.User)
FNDA:0,System.Void WAMServer.DTO.UserDTO::.ctor(WAMServer.Models.User)
DA:22,0
DA:23,0
LF:15
LH:0
BRF:0
BRH:0
FNF:7
FNH:0
end_of_record
SF:/home/rens/school/Project-D/server/Controllers/ActionLogController.cs
FN:25,System.Void WAMServer.Controllers.ActionLogController::.ctor(WAMServer.Interfaces.IRepository`1<WAMServer.Models.ActionLog>)
FNDA:3,System.Void WAMServer.Controllers.ActionLogController::.ctor(WAMServer.Interfaces.IRepository`1<WAMServer.Models.ActionLog>)
DA:26,3
DA:27,3
DA:28,3
DA:29,3
FN:33,System.Void WAMServer.Controllers.ActionLogController/<GetActionLogs>d__2::MoveNext()
FNDA:3,System.Void WAMServer.Controllers.ActionLogController/<GetActionLogs>d__2::MoveNext()
DA:34,3
DA:35,3
DA:36,3
DA:37,3
LF:8
LH:8
BRF:0
BRH:0
FNF:2
FNH:2
end_of_record
SF:/home/rens/school/Project-D/server/Controllers/AddressController.cs
FN:25,Microsoft.AspNetCore.Mvc.IActionResult WAMServer.Controllers.AddressController::Put(WAMServer.Records.Bodies.AddressPatchBody)
FNDA:5,Microsoft.AspNetCore.Mvc.IActionResult WAMServer.Controllers.AddressController::Put(WAMServer.Records.Bodies.AddressPatchBody)
DA:26,5
DA:30,5
DA:31,9
DA:32,1
DA:33,1
DA:35,8
DA:36,4
DA:37,1
DA:38,1
DA:41,3
DA:42,3
DA:43,1
DA:44,1
DA:47,2
DA:48,1
DA:49,1
DA:52,1
DA:53,1
DA:54,5
BRDA:31,63,0,1
BRDA:31,63,1,4
BRDA:36,156,0,1
BRDA:36,156,1,3
BRDA:42,208,0,1
BRDA:42,208,1,2
BRDA:47,256,0,1
BRDA:47,256,1,1
BRDA:52,21,0,0
BRDA:52,21,1,0
FN:16,System.Void WAMServer.Controllers.AddressController::.ctor(WAMServer.Interfaces.IRepository`1<WAMServer.Models.Address>,WAMServer.Interfaces.IRepository`1<WAMServer.Models.User>)
FNDA:5,System.Void WAMServer.Controllers.AddressController::.ctor(WAMServer.Interfaces.IRepository`1<WAMServer.Models.Address>,WAMServer.Interfaces.IRepository`1<WAMServer.Models.User>)
DA:17,5
DA:18,5
DA:19,5
DA:20,5
DA:21,5
LF:24
LH:24
BRF:10
BRH:8
FNF:2
FNH:2
end_of_record
SF:/home/rens/school/Project-D/server/Controllers/ControlPCController.cs
FN:29,System.Void WAMServer.Controllers.ControlPCController::.ctor(WAMServer.Interfaces.IRepository`1<WAMServer.Models.ControlPC>,WAMServer.Interfaces.IRepository`1<WAMServer.Models.User>,WAMServer.Interfaces.IControlPC`1<WAMServer.Models.ControlPC>)
FNDA:16,System.Void WAMServer.Controllers.ControlPCController::.ctor(WAMServer.Interfaces.IRepository`1<WAMServer.Models.ControlPC>,WAMServer.Interfaces.IRepository`1<WAMServer.Models.User>,WAMServer.Interfaces.IControlPC`1<WAMServer.Models.ControlPC>)
DA:30,16
DA:31,16
DA:32,16
DA:33,16
DA:34,16
DA:35,16
FN:80,System.Boolean WAMServer.Controllers.ControlPCController/<>c::<CreateControlPC>b__6_1(System.Security.Claims.Claim)
FNDA:7,System.Boolean WAMServer.Controllers.ControlPCController/<>c::<CreateControlPC>b__6_1(System.Security.Claims.Claim)
DA:81,7
FN:85,System.Boolean WAMServer.Controllers.ControlPCController/<>c::<CreateControlPC>b__6_0(System.Security.Claims.Claim)
FNDA:6,System.Boolean WAMServer.Controllers.ControlPCController/<>c::<CreateControlPC>b__6_0(System.Security.Claims.Claim)
DA:86,6
FN:126,System.Boolean WAMServer.Controllers.ControlPCController/<>c__DisplayClass7_0::<UpdateControlPC>b__0(WAMServer.Models.ControlPC)
FNDA:2,System.Boolean WAMServer.Controllers.ControlPCController/<>c__DisplayClass7_0::<UpdateControlPC>b__0(WAMServer.Models.ControlPC)
DA:127,2
FN:73,System.Void WAMServer.Controllers.ControlPCController/<CreateControlPC>d__6::MoveNext()
FNDA:5,System.Void WAMServer.Controllers.ControlPCController/<CreateControlPC>d__6::MoveNext()
DA:74,5
DA:75,5
DA:76,1
DA:77,1
DA:80,4
DA:82,1
DA:83,1
DA:87,3
DA:88,1
DA:89,1
DA:92,2
DA:93,2
DA:95,2
DA:96,2
DA:97,2
DA:98,1
DA:99,1
DA:101,1
DA:102,5
BRDA:75,29,0,1
BRDA:75,29,1,4
BRDA:81,133,0,1
BRDA:81,133,1,3
BRDA:87,250,0,1
BRDA:87,250,1,2
FN:142,System.Void WAMServer.Controllers.ControlPCController/<DeleteControlPC>d__8::MoveNext()
FNDA:2,System.Void WAMServer.Controllers.ControlPCController/<DeleteControlPC>d__8::MoveNext()
DA:143,2
DA:144,2
DA:145,2
DA:146,1
DA:147,1
DA:150,1
DA:151,1
DA:152,2
BRDA:145,175,0,1
BRDA:145,175,1,1
FN:56,System.Void WAMServer.Controllers.ControlPCController/<GetControlPC>d__5::MoveNext()
FNDA:2,System.Void WAMServer.Controllers.ControlPCController/<GetControlPC>d__5::MoveNext()
DA:57,2
DA:58,2
DA:59,2
DA:60,1
DA:61,1
DA:63,1
DA:64,2
BRDA:59,164,0,1
BRDA:59,164,1,1
FN:43,System.Void WAMServer.Controllers.ControlPCController/<GetControlPCs>d__4::MoveNext()
FNDA:2,System.Void WAMServer.Controllers.ControlPCController/<GetControlPCs>d__4::MoveNext()
DA:44,2
DA:45,2
DA:46,2
DA:47,2
FN:112,System.Void WAMServer.Controllers.ControlPCController/<UpdateControlPC>d__7::MoveNext()
FNDA:5,System.Void WAMServer.Controllers.ControlPCController/<UpdateControlPC>d__7::MoveNext()
DA:113,5
DA:114,5
DA:115,2
DA:116,2
DA:119,3
DA:120,3
DA:121,1
DA:122,1
DA:126,2
DA:128,2
DA:129,1
DA:130,1
DA:132,1
DA:133,5
BRDA:114,63,0,4
BRDA:114,63,1,1
BRDA:114,97,0,2
BRDA:114,97,1,3
BRDA:120,282,0,1
BRDA:120,282,1,2
LF:61
LH:61
BRF:16
BRH:16
FNF:9
FNH:9
end_of_record
SF:/home/rens/school/Project-D/server/Controllers/GroundWaterLogController.cs
FN:26,System.Void WAMServer.Controllers.GroundWaterLogController::.ctor(WAMServer.Interfaces.IRepository`1<WAMServer.Models.GroundWaterLog>)
FNDA:2,System.Void WAMServer.Controllers.GroundWaterLogController::.ctor(WAMServer.Interfaces.IRepository`1<WAMServer.Models.GroundWaterLog>)
DA:27,2
DA:28,2
DA:29,2
DA:30,2
FN:38,System.Void WAMServer.Controllers.GroundWaterLogController/<GetGroundWaterLogs>d__2::MoveNext()
FNDA:2,System.Void WAMServer.Controllers.GroundWaterLogController/<GetGroundWaterLogs>d__2::MoveNext()
DA:39,2
DA:40,2
DA:41,2
DA:42,2
LF:8
LH:8
BRF:0
BRH:0
FNF:2
FNH:2
end_of_record
SF:/home/rens/school/Project-D/server/Controllers/LoginController.cs
FN:49,Microsoft.AspNetCore.Mvc.ActionResult WAMServer.Controllers.LoginController::Login(WAMServer.Records.LoginBody)
FNDA:7,Microsoft.AspNetCore.Mvc.ActionResult WAMServer.Controllers.LoginController::Login(WAMServer.Records.LoginBody)
DA:50,7
DA:52,7
DA:53,7
DA:54,4
DA:55,4
DA:58,3
DA:60,3
DA:61,1
DA:62,1
DA:63,1
DA:64,1
DA:66,3
DA:67,7
BRDA:53,29,0,4
BRDA:53,29,1,3
BRDA:60,56,0,2
BRDA:60,56,1,1
BRDA:60,71,0,1
BRDA:60,71,1,3
FN:75,System.String WAMServer.Controllers.LoginController::GenerateJSONWebToken(WAMServer.Models.User)
FNDA:3,System.String WAMServer.Controllers.LoginController::GenerateJSONWebToken(WAMServer.Models.User)
DA:76,3
DA:77,3
DA:78,3
DA:79,3
DA:80,3
DA:81,3
DA:82,3
DA:83,3
DA:84,3
DA:85,3
DA:86,3
DA:87,3
DA:89,3
DA:90,3
BRDA:77,23,0,2
BRDA:77,23,1,3
FN:99,WAMServer.Models.User WAMServer.Controllers.LoginController::AuthenticateUserReturnNullIfUnable(System.String,System.String)
FNDA:5,WAMServer.Models.User WAMServer.Controllers.LoginController::AuthenticateUserReturnNullIfUnable(System.String,System.String)
DA:100,5
DA:101,5
DA:103,5
DA:104,5
DA:105,2
DA:106,2
DA:108,3
DA:109,3
DA:110,3
DA:111,3
DA:113,3
DA:114,5
BRDA:104,22,0,2
BRDA:104,22,1,3
BRDA:108,31,0,0
BRDA:108,31,1,3
BRDA:108,43,0,0
BRDA:108,43,1,3
BRDA:108,61,0,3
BRDA:108,61,1,3
FN:35,System.Void WAMServer.Controllers.LoginController::.ctor(WAMServer.Interfaces.ILoginService,Microsoft.Extensions.Configuration.IConfiguration)
FNDA:11,System.Void WAMServer.Controllers.LoginController::.ctor(WAMServer.Interfaces.ILoginService,Microsoft.Extensions.Configuration.IConfiguration)
DA:36,11
DA:37,11
DA:38,11
DA:39,11
DA:40,11
LF:44
LH:44
BRF:16
BRH:14
FNF:4
FNH:4
end_of_record
SF:/home/rens/school/Project-D/server/Controllers/RegisterController.cs
FN:19,System.Void WAMServer.Controllers.RegisterController::.ctor(WAMServer.Interfaces.IRepository`1<WAMServer.Models.User>,WAMServer.Interfaces.IEmailService,Microsoft.Extensions.Configuration.IConfiguration,WAMServer.Interfaces.IRepository`1<WAMServer.Models.Address>)
FNDA:11,System.Void WAMServer.Controllers.RegisterController::.ctor(WAMServer.Interfaces.IRepository`1<WAMServer.Models.User>,WAMServer.Interfaces.IEmailService,Microsoft.Extensions.Configuration.IConfiguration,WAMServer.Interfaces.IRepository`1<WAMServer.Models.Address>)
DA:20,11
DA:21,11
DA:22,11
DA:23,11
DA:24,11
DA:25,11
DA:26,11
FN:39,System.Boolean WAMServer.Controllers.RegisterController/<>c__DisplayClass5_0::<Post>b__0(WAMServer.Models.User)
FNDA:5,System.Boolean WAMServer.Controllers.RegisterController/<>c__DisplayClass5_0::<Post>b__0(WAMServer.Models.User)
DA:40,5
FN:72,System.Boolean WAMServer.Controllers.RegisterController/<>c__DisplayClass5_0::<Post>b__1(WAMServer.Models.User)
FNDA:1,System.Boolean WAMServer.Controllers.RegisterController/<>c__DisplayClass5_0::<Post>b__1(WAMServer.Models.User)
DA:73,1
FN:102,System.Boolean WAMServer.Controllers.RegisterController/<>c__DisplayClass6_0::<Confirm>b__0(WAMServer.Models.User)
FNDA:1,System.Boolean WAMServer.Controllers.RegisterController/<>c__DisplayClass6_0::<Confirm>b__0(WAMServer.Models.User)
DA:103,1
FN:80,System.Void WAMServer.Controllers.RegisterController/<Confirm>d__6::MoveNext()
FNDA:5,System.Void WAMServer.Controllers.RegisterController/<Confirm>d__6::MoveNext()
DA:81,5
DA:82,5
DA:83,5
DA:84,1
DA:85,1
DA:88,4
DA:89,4
DA:90,4
DA:91,1
DA:92,1
DA:94,3
DA:95,1
DA:96,1
DA:98,2
DA:99,1
DA:100,1
DA:102,1
DA:104,1
DA:105,5
BRDA:83,67,0,1
BRDA:83,67,1,4
BRDA:94,165,0,1
BRDA:94,165,1,2
BRDA:98,231,0,1
BRDA:98,231,1,1
FN:30,System.Void WAMServer.Controllers.RegisterController/<Post>d__5::MoveNext()
FNDA:6,System.Void WAMServer.Controllers.RegisterController/<Post>d__5::MoveNext()
DA:31,6
DA:32,6
DA:33,6
DA:34,6
DA:35,1
DA:36,1
DA:41,5
DA:42,1
DA:43,1
DA:45,4
DA:46,1
DA:47,1
DA:49,3
DA:50,1
DA:51,1
DA:53,2
DA:54,2
DA:55,2
DA:56,2
DA:57,2
DA:58,2
DA:59,2
DA:60,2
DA:61,2
DA:62,2
DA:65,2
DA:66,2
DA:67,2
DA:68,1
DA:69,1
DA:71,1
DA:72,1
DA:74,1
DA:75,1
DA:76,6
BRDA:34,131,0,5
BRDA:34,131,1,1
BRDA:34,147,0,1
BRDA:34,147,1,5
BRDA:41,232,0,1
BRDA:41,232,1,4
BRDA:45,290,0,1
BRDA:45,290,1,3
BRDA:49,348,0,1
BRDA:49,348,1,2
LF:64
LH:64
BRF:16
BRH:16
FNF:6
FNH:6
end_of_record
SF:/home/rens/school/Project-D/server/Controllers/UsersController.cs
FN:32,Microsoft.AspNetCore.Mvc.ActionResult`1<WAMServer.DTO.UserDTO> WAMServer.Controllers.UsersController::GetUser()
FNDA:0,Microsoft.AspNetCore.Mvc.ActionResult`1<WAMServer.DTO.UserDTO> WAMServer.Controllers.UsersController::GetUser()
DA:33,0
DA:34,0
DA:37,0
DA:38,0
DA:39,0
DA:43,0
DA:46,0
DA:47,0
DA:48,0
DA:52,0
DA:55,0
DA:56,0
DA:57,0
DA:61,0
DA:62,0
DA:63,0
DA:64,0
DA:67,0
DA:68,0
BRDA:37,57,0,0
BRDA:37,57,1,0
BRDA:46,141,0,0
BRDA:46,141,1,0
BRDA:55,180,0,0
BRDA:55,180,1,0
BRDA:61,217,0,0
BRDA:61,217,1,0
FN:19,System.Void WAMServer.Controllers.UsersController::.ctor(WAMServer.Interfaces.IRepository`1<WAMServer.Models.User>,WAMServer.Interfaces.IRepository`1<WAMServer.Models.Address>)
FNDA:0,System.Void WAMServer.Controllers.UsersController::.ctor(WAMServer.Interfaces.IRepository`1<WAMServer.Models.User>,WAMServer.Interfaces.IRepository`1<WAMServer.Models.Address>)
DA:20,0
DA:21,0
DA:22,0
DA:23,0
DA:24,0
LF:24
LH:0
BRF:8
BRH:0
FNF:2
FNH:0
end_of_record